[2020-02-04 11:03:40.734] [exthost] [info] extension host started
[2020-02-04 11:03:40.764] [exthost] [info] ExtensionService#_doActivateExtension vscode.debug-auto-launch {"startup":true,"extensionId":{"value":"vscode.debug-auto-launch","_lower":"vscode.debug-auto-launch"},"activationEvent":"*"}
[2020-02-04 11:03:40.764] [exthost] [info] ExtensionService#loadCommonJSModule file:///var/lib/snapd/snap/code/23/usr/share/code/resources/app/extensions/debug-auto-launch/dist/extension
[2020-02-04 11:03:40.776] [exthost] [info] ExtensionService#_doActivateExtension vscode.emmet {"startup":true,"extensionId":{"value":"vscode.emmet","_lower":"vscode.emmet"},"activationEvent":"*"}
[2020-02-04 11:03:40.777] [exthost] [info] ExtensionService#loadCommonJSModule file:///var/lib/snapd/snap/code/23/usr/share/code/resources/app/extensions/emmet/dist/extension
[2020-02-04 11:03:40.832] [exthost] [info] ExtensionService#_doActivateExtension vscode.git {"startup":true,"extensionId":{"value":"vscode.git","_lower":"vscode.git"},"activationEvent":"*"}
[2020-02-04 11:03:40.832] [exthost] [info] ExtensionService#loadCommonJSModule file:///var/lib/snapd/snap/code/23/usr/share/code/resources/app/extensions/git/dist/main
[2020-02-04 11:03:40.903] [exthost] [info] ExtensionService#_doActivateExtension vscode.merge-conflict {"startup":true,"extensionId":{"value":"vscode.merge-conflict","_lower":"vscode.merge-conflict"},"activationEvent":"*"}
[2020-02-04 11:03:40.903] [exthost] [info] ExtensionService#loadCommonJSModule file:///var/lib/snapd/snap/code/23/usr/share/code/resources/app/extensions/merge-conflict/dist/extension
[2020-02-04 11:03:40.909] [exthost] [info] ExtensionService#_doActivateExtension vscode.search-result {"startup":true,"extensionId":{"value":"vscode.search-result","_lower":"vscode.search-result"},"activationEvent":"*"}
[2020-02-04 11:03:40.909] [exthost] [info] ExtensionService#loadCommonJSModule file:///var/lib/snapd/snap/code/23/usr/share/code/resources/app/extensions/search-result/dist/extension.js
[2020-02-04 11:03:40.912] [exthost] [info] ExtensionService#_doActivateExtension esbenp.prettier-vscode {"startup":true,"extensionId":{"value":"esbenp.prettier-vscode","_lower":"esbenp.prettier-vscode"},"activationEvent":"*"}
[2020-02-04 11:03:40.912] [exthost] [info] ExtensionService#loadCommonJSModule file:///root/.vscode/extensions/esbenp.prettier-vscode-3.20.0/dist/extension
[2020-02-04 11:03:41.087] [exthost] [info] eager extensions activated
[2020-02-04 11:04:10.588] [exthost] [info] extension host started
[2020-02-04 11:04:10.671] [exthost] [info] ExtensionService#_doActivateExtension vscode.debug-auto-launch {"startup":true,"extensionId":{"value":"vscode.debug-auto-launch","_lower":"vscode.debug-auto-launch"},"activationEvent":"*"}
[2020-02-04 11:04:10.671] [exthost] [info] ExtensionService#loadCommonJSModule file:///var/lib/snapd/snap/code/23/usr/share/code/resources/app/extensions/debug-auto-launch/dist/extension
[2020-02-04 11:04:10.683] [exthost] [info] ExtensionService#_doActivateExtension vscode.emmet {"startup":true,"extensionId":{"value":"vscode.emmet","_lower":"vscode.emmet"},"activationEvent":"*"}
[2020-02-04 11:04:10.683] [exthost] [info] ExtensionService#loadCommonJSModule file:///var/lib/snapd/snap/code/23/usr/share/code/resources/app/extensions/emmet/dist/extension
[2020-02-04 11:04:10.737] [exthost] [info] ExtensionService#_doActivateExtension vscode.git {"startup":true,"extensionId":{"value":"vscode.git","_lower":"vscode.git"},"activationEvent":"*"}
[2020-02-04 11:04:10.738] [exthost] [info] ExtensionService#loadCommonJSModule file:///var/lib/snapd/snap/code/23/usr/share/code/resources/app/extensions/git/dist/main
[2020-02-04 11:04:10.769] [exthost] [info] ExtensionService#_doActivateExtension vscode.merge-conflict {"startup":true,"extensionId":{"value":"vscode.merge-conflict","_lower":"vscode.merge-conflict"},"activationEvent":"*"}
[2020-02-04 11:04:10.769] [exthost] [info] ExtensionService#loadCommonJSModule file:///var/lib/snapd/snap/code/23/usr/share/code/resources/app/extensions/merge-conflict/dist/extension
[2020-02-04 11:04:10.773] [exthost] [info] ExtensionService#_doActivateExtension vscode.search-result {"startup":true,"extensionId":{"value":"vscode.search-result","_lower":"vscode.search-result"},"activationEvent":"*"}
[2020-02-04 11:04:10.773] [exthost] [info] ExtensionService#loadCommonJSModule file:///var/lib/snapd/snap/code/23/usr/share/code/resources/app/extensions/search-result/dist/extension.js
[2020-02-04 11:04:10.775] [exthost] [info] ExtensionService#_doActivateExtension esbenp.prettier-vscode {"startup":true,"extensionId":{"value":"esbenp.prettier-vscode","_lower":"esbenp.prettier-vscode"},"activationEvent":"*"}
[2020-02-04 11:04:10.775] [exthost] [info] ExtensionService#loadCommonJSModule file:///root/.vscode/extensions/esbenp.prettier-vscode-3.20.0/dist/extension
[2020-02-04 11:04:10.962] [exthost] [info] ExtensionService#_doActivateExtension vscode.npm {"startup":true,"extensionId":{"value":"vscode.npm","_lower":"vscode.npm"},"activationEvent":"workspaceContains:package.json"}
[2020-02-04 11:04:10.963] [exthost] [info] ExtensionService#loadCommonJSModule file:///var/lib/snapd/snap/code/23/usr/share/code/resources/app/extensions/npm/dist/main
[2020-02-04 11:04:11.105] [exthost] [info] eager extensions activated
