[2020-02-10 10:38:10.705] [exthost] [info] extension host started
[2020-02-10 10:38:10.755] [exthost] [info] ExtensionService#_doActivateExtension vscode.emmet {"startup":false,"extensionId":{"value":"vscode.emmet","_lower":"vscode.emmet"},"activationEvent":"onLanguage:html"}
[2020-02-10 10:38:10.756] [exthost] [info] ExtensionService#loadCommonJSModule file:///var/lib/snapd/snap/code/24/usr/share/code/resources/app/extensions/emmet/dist/extension
[2020-02-10 10:38:10.859] [exthost] [info] ExtensionService#_doActivateExtension vscode.html-language-features {"startup":false,"extensionId":{"value":"vscode.html-language-features","_lower":"vscode.html-language-features"},"activationEvent":"onLanguage:html"}
[2020-02-10 10:38:10.859] [exthost] [info] ExtensionService#loadCommonJSModule file:///var/lib/snapd/snap/code/24/usr/share/code/resources/app/extensions/html-language-features/client/dist/htmlMain
[2020-02-10 10:38:10.943] [exthost] [info] ExtensionService#_doActivateExtension vscode.debug-auto-launch {"startup":true,"extensionId":{"value":"vscode.debug-auto-launch","_lower":"vscode.debug-auto-launch"},"activationEvent":"*"}
[2020-02-10 10:38:10.943] [exthost] [info] ExtensionService#loadCommonJSModule file:///var/lib/snapd/snap/code/24/usr/share/code/resources/app/extensions/debug-auto-launch/dist/extension
[2020-02-10 10:38:10.951] [exthost] [info] ExtensionService#_doActivateExtension vscode.git {"startup":true,"extensionId":{"value":"vscode.git","_lower":"vscode.git"},"activationEvent":"*"}
[2020-02-10 10:38:10.951] [exthost] [info] ExtensionService#loadCommonJSModule file:///var/lib/snapd/snap/code/24/usr/share/code/resources/app/extensions/git/dist/main
[2020-02-10 10:38:11.095] [exthost] [info] ExtensionService#_doActivateExtension vscode.merge-conflict {"startup":true,"extensionId":{"value":"vscode.merge-conflict","_lower":"vscode.merge-conflict"},"activationEvent":"*"}
[2020-02-10 10:38:11.095] [exthost] [info] ExtensionService#loadCommonJSModule file:///var/lib/snapd/snap/code/24/usr/share/code/resources/app/extensions/merge-conflict/dist/extension
[2020-02-10 10:38:11.124] [exthost] [info] ExtensionService#_doActivateExtension vscode.search-result {"startup":true,"extensionId":{"value":"vscode.search-result","_lower":"vscode.search-result"},"activationEvent":"*"}
[2020-02-10 10:38:11.124] [exthost] [info] ExtensionService#loadCommonJSModule file:///var/lib/snapd/snap/code/24/usr/share/code/resources/app/extensions/search-result/dist/extension.js
[2020-02-10 10:38:11.128] [exthost] [info] ExtensionService#_doActivateExtension vscode.vscode-account {"startup":true,"extensionId":{"value":"vscode.vscode-account","_lower":"vscode.vscode-account"},"activationEvent":"*"}
[2020-02-10 10:38:11.128] [exthost] [info] ExtensionService#loadCommonJSModule file:///var/lib/snapd/snap/code/24/usr/share/code/resources/app/extensions/vscode-account/dist/extension.js
[2020-02-10 10:38:11.134] [exthost] [info] ExtensionService#_doActivateExtension esbenp.prettier-vscode {"startup":true,"extensionId":{"value":"esbenp.prettier-vscode","_lower":"esbenp.prettier-vscode"},"activationEvent":"*"}
[2020-02-10 10:38:11.134] [exthost] [info] ExtensionService#loadCommonJSModule file:///root/.vscode/extensions/esbenp.prettier-vscode-3.20.0/dist/extension
[2020-02-10 10:38:11.411] [exthost] [info] ExtensionService#_doActivateExtension vscode.npm {"startup":true,"extensionId":{"value":"vscode.npm","_lower":"vscode.npm"},"activationEvent":"workspaceContains:package.json"}
[2020-02-10 10:38:11.411] [exthost] [info] ExtensionService#loadCommonJSModule file:///var/lib/snapd/snap/code/24/usr/share/code/resources/app/extensions/npm/dist/main
[2020-02-10 10:38:11.775] [exthost] [info] eager extensions activated
[2020-02-10 11:04:45.504] [exthost] [info] ExtensionService#_doActivateExtension vscode.extension-editing {"startup":false,"extensionId":{"value":"vscode.extension-editing","_lower":"vscode.extension-editing"},"activationEvent":"onLanguage:typescript"}
[2020-02-10 11:04:45.519] [exthost] [info] ExtensionService#loadCommonJSModule file:///var/lib/snapd/snap/code/24/usr/share/code/resources/app/extensions/extension-editing/dist/extension
[2020-02-10 11:04:45.585] [exthost] [info] ExtensionService#_doActivateExtension vscode.typescript-language-features {"startup":false,"extensionId":{"value":"vscode.typescript-language-features","_lower":"vscode.typescript-language-features"},"activationEvent":"onLanguage:typescript"}
[2020-02-10 11:04:45.585] [exthost] [info] ExtensionService#loadCommonJSModule file:///var/lib/snapd/snap/code/24/usr/share/code/resources/app/extensions/typescript-language-features/dist/extension
[2020-02-10 11:05:03.236] [exthost] [info] ExtensionService#_doActivateExtension vscode.configuration-editing {"startup":false,"extensionId":{"value":"vscode.configuration-editing","_lower":"vscode.configuration-editing"},"activationEvent":"onLanguage:jsonc"}
[2020-02-10 11:05:03.279] [exthost] [info] ExtensionService#loadCommonJSModule file:///var/lib/snapd/snap/code/24/usr/share/code/resources/app/extensions/configuration-editing/dist/extension
[2020-02-10 11:05:03.327] [exthost] [info] ExtensionService#_doActivateExtension vscode.json-language-features {"startup":false,"extensionId":{"value":"vscode.json-language-features","_lower":"vscode.json-language-features"},"activationEvent":"onLanguage:jsonc"}
[2020-02-10 11:05:03.327] [exthost] [info] ExtensionService#loadCommonJSModule file:///var/lib/snapd/snap/code/24/usr/share/code/resources/app/extensions/json-language-features/client/dist/jsonMain
[2020-02-10 12:02:00.083] [exthost] [info] ExtensionService#_doActivateExtension vscode.css-language-features {"startup":false,"extensionId":{"value":"vscode.css-language-features","_lower":"vscode.css-language-features"},"activationEvent":"onLanguage:css"}
[2020-02-10 12:02:00.093] [exthost] [info] ExtensionService#loadCommonJSModule file:///var/lib/snapd/snap/code/24/usr/share/code/resources/app/extensions/css-language-features/client/dist/cssMain
[2020-02-10 12:02:15.637] [exthost] [info] [vscode.typescript-language-features] UNSAVE result from 'resolveCompletionItem', extension SHOULD NOT change any of: additionalTextEdits, or command
[2020-02-10 12:48:07.399] [exthost] [error] [vscode.typescript-language-features] provider FAILED
[2020-02-10 12:48:07.430] [exthost] [error] Error: DisposableStore is missing...
	at F._convertCompletionItem (/var/lib/snapd/snap/code/24/usr/share/code/resources/app/out/vs/workbench/services/extensions/node/extensionHostProcess.js:589:986)
	at /var/lib/snapd/snap/code/24/usr/share/code/resources/app/out/vs/workbench/services/extensions/node/extensionHostProcess.js:589:764
[2020-02-10 12:59:19.474] [exthost] [warning] INVALID text edit -> must have at least a label
[2020-02-10 12:59:32.731] [exthost] [warning] INVALID text edit -> must have at least a label
