[2020-02-04 11:24:40.300] [exthost] [info] extension host started
[2020-02-04 11:24:40.425] [exthost] [info] ExtensionService#_doActivateExtension vscode.debug-auto-launch {"startup":true,"extensionId":{"value":"vscode.debug-auto-launch","_lower":"vscode.debug-auto-launch"},"activationEvent":"*"}
[2020-02-04 11:24:40.425] [exthost] [info] ExtensionService#loadCommonJSModule file:///var/lib/snapd/snap/code/23/usr/share/code/resources/app/extensions/debug-auto-launch/dist/extension
[2020-02-04 11:24:40.446] [exthost] [info] ExtensionService#_doActivateExtension vscode.emmet {"startup":true,"extensionId":{"value":"vscode.emmet","_lower":"vscode.emmet"},"activationEvent":"*"}
[2020-02-04 11:24:40.446] [exthost] [info] ExtensionService#loadCommonJSModule file:///var/lib/snapd/snap/code/23/usr/share/code/resources/app/extensions/emmet/dist/extension
[2020-02-04 11:24:40.533] [exthost] [info] ExtensionService#_doActivateExtension vscode.git {"startup":true,"extensionId":{"value":"vscode.git","_lower":"vscode.git"},"activationEvent":"*"}
[2020-02-04 11:24:40.533] [exthost] [info] ExtensionService#loadCommonJSModule file:///var/lib/snapd/snap/code/23/usr/share/code/resources/app/extensions/git/dist/main
[2020-02-04 11:24:40.575] [exthost] [info] ExtensionService#_doActivateExtension vscode.merge-conflict {"startup":true,"extensionId":{"value":"vscode.merge-conflict","_lower":"vscode.merge-conflict"},"activationEvent":"*"}
[2020-02-04 11:24:40.576] [exthost] [info] ExtensionService#loadCommonJSModule file:///var/lib/snapd/snap/code/23/usr/share/code/resources/app/extensions/merge-conflict/dist/extension
[2020-02-04 11:24:40.584] [exthost] [info] ExtensionService#_doActivateExtension vscode.search-result {"startup":true,"extensionId":{"value":"vscode.search-result","_lower":"vscode.search-result"},"activationEvent":"*"}
[2020-02-04 11:24:40.585] [exthost] [info] ExtensionService#loadCommonJSModule file:///var/lib/snapd/snap/code/23/usr/share/code/resources/app/extensions/search-result/dist/extension.js
[2020-02-04 11:24:40.588] [exthost] [info] ExtensionService#_doActivateExtension esbenp.prettier-vscode {"startup":true,"extensionId":{"value":"esbenp.prettier-vscode","_lower":"esbenp.prettier-vscode"},"activationEvent":"*"}
[2020-02-04 11:24:40.588] [exthost] [info] ExtensionService#loadCommonJSModule file:///root/.vscode/extensions/esbenp.prettier-vscode-3.20.0/dist/extension
[2020-02-04 11:24:40.863] [exthost] [info] ExtensionService#_doActivateExtension vscode.npm {"startup":true,"extensionId":{"value":"vscode.npm","_lower":"vscode.npm"},"activationEvent":"workspaceContains:package.json"}
[2020-02-04 11:24:40.863] [exthost] [info] ExtensionService#loadCommonJSModule file:///var/lib/snapd/snap/code/23/usr/share/code/resources/app/extensions/npm/dist/main
[2020-02-04 11:24:41.094] [exthost] [info] eager extensions activated
[2020-02-04 12:00:13.439] [exthost] [info] ExtensionService#_doActivateExtension vscode.html-language-features {"startup":false,"extensionId":{"value":"vscode.html-language-features","_lower":"vscode.html-language-features"},"activationEvent":"onLanguage:html"}
[2020-02-04 12:00:13.439] [exthost] [info] ExtensionService#loadCommonJSModule file:///var/lib/snapd/snap/code/23/usr/share/code/resources/app/extensions/html-language-features/client/dist/htmlMain
[2020-02-04 12:25:45.289] [exthost] [info] ExtensionService#_doActivateExtension vscode.extension-editing {"startup":false,"extensionId":{"value":"vscode.extension-editing","_lower":"vscode.extension-editing"},"activationEvent":"onLanguage:typescript"}
[2020-02-04 12:25:45.289] [exthost] [info] ExtensionService#loadCommonJSModule file:///var/lib/snapd/snap/code/23/usr/share/code/resources/app/extensions/extension-editing/dist/extension
[2020-02-04 12:25:45.332] [exthost] [info] ExtensionService#_doActivateExtension vscode.typescript-language-features {"startup":false,"extensionId":{"value":"vscode.typescript-language-features","_lower":"vscode.typescript-language-features"},"activationEvent":"onLanguage:typescript"}
[2020-02-04 12:25:45.332] [exthost] [info] ExtensionService#loadCommonJSModule file:///var/lib/snapd/snap/code/23/usr/share/code/resources/app/extensions/typescript-language-features/dist/extension
[2020-02-04 12:25:57.826] [exthost] [info] ExtensionService#_doActivateExtension vscode.configuration-editing {"startup":false,"extensionId":{"value":"vscode.configuration-editing","_lower":"vscode.configuration-editing"},"activationEvent":"onLanguage:jsonc"}
[2020-02-04 12:25:57.827] [exthost] [info] ExtensionService#loadCommonJSModule file:///var/lib/snapd/snap/code/23/usr/share/code/resources/app/extensions/configuration-editing/dist/extension
[2020-02-04 12:25:57.865] [exthost] [info] ExtensionService#_doActivateExtension vscode.json-language-features {"startup":false,"extensionId":{"value":"vscode.json-language-features","_lower":"vscode.json-language-features"},"activationEvent":"onLanguage:jsonc"}
[2020-02-04 12:25:57.865] [exthost] [info] ExtensionService#loadCommonJSModule file:///var/lib/snapd/snap/code/23/usr/share/code/resources/app/extensions/json-language-features/client/dist/jsonMain
[2020-02-04 13:43:17.188] [exthost] [error] [vscode.typescript-language-features] provider FAILED
[2020-02-04 13:43:17.361] [exthost] [error] Error: DisposableStore is missing...
	at L._convertCompletionItem (/var/lib/snapd/snap/code/23/usr/share/code/resources/app/out/vs/workbench/services/extensions/node/extensionHostProcess.js:584:351)
	at /var/lib/snapd/snap/code/23/usr/share/code/resources/app/out/vs/workbench/services/extensions/node/extensionHostProcess.js:583:984
[2020-02-04 13:44:33.269] [exthost] [error] [vscode.typescript-language-features] provider FAILED
[2020-02-04 13:44:33.269] [exthost] [error] Error: DisposableStore is missing...
	at L._convertCompletionItem (/var/lib/snapd/snap/code/23/usr/share/code/resources/app/out/vs/workbench/services/extensions/node/extensionHostProcess.js:584:351)
	at /var/lib/snapd/snap/code/23/usr/share/code/resources/app/out/vs/workbench/services/extensions/node/extensionHostProcess.js:583:984
