[2020-02-13 10:51:57.181] [exthost] [info] extension host started
[2020-02-13 10:51:57.292] [exthost] [info] ExtensionService#_doActivateExtension vscode.emmet {"startup":false,"extensionId":{"value":"vscode.emmet","_lower":"vscode.emmet"},"activationEvent":"onLanguage:html"}
[2020-02-13 10:51:57.294] [exthost] [info] ExtensionService#loadCommonJSModule file:///var/lib/snapd/snap/code/24/usr/share/code/resources/app/extensions/emmet/dist/extension
[2020-02-13 10:51:57.365] [exthost] [info] ExtensionService#_doActivateExtension vscode.html-language-features {"startup":false,"extensionId":{"value":"vscode.html-language-features","_lower":"vscode.html-language-features"},"activationEvent":"onLanguage:html"}
[2020-02-13 10:51:57.371] [exthost] [info] ExtensionService#loadCommonJSModule file:///var/lib/snapd/snap/code/24/usr/share/code/resources/app/extensions/html-language-features/client/dist/htmlMain
[2020-02-13 10:51:57.515] [exthost] [info] ExtensionService#_doActivateExtension vscode.debug-auto-launch {"startup":true,"extensionId":{"value":"vscode.debug-auto-launch","_lower":"vscode.debug-auto-launch"},"activationEvent":"*"}
[2020-02-13 10:51:57.515] [exthost] [info] ExtensionService#loadCommonJSModule file:///var/lib/snapd/snap/code/24/usr/share/code/resources/app/extensions/debug-auto-launch/dist/extension
[2020-02-13 10:51:57.537] [exthost] [info] ExtensionService#_doActivateExtension vscode.git {"startup":true,"extensionId":{"value":"vscode.git","_lower":"vscode.git"},"activationEvent":"*"}
[2020-02-13 10:51:57.537] [exthost] [info] ExtensionService#loadCommonJSModule file:///var/lib/snapd/snap/code/24/usr/share/code/resources/app/extensions/git/dist/main
[2020-02-13 10:51:57.787] [exthost] [info] ExtensionService#_doActivateExtension vscode.merge-conflict {"startup":true,"extensionId":{"value":"vscode.merge-conflict","_lower":"vscode.merge-conflict"},"activationEvent":"*"}
[2020-02-13 10:51:57.787] [exthost] [info] ExtensionService#loadCommonJSModule file:///var/lib/snapd/snap/code/24/usr/share/code/resources/app/extensions/merge-conflict/dist/extension
[2020-02-13 10:51:57.801] [exthost] [info] ExtensionService#_doActivateExtension vscode.search-result {"startup":true,"extensionId":{"value":"vscode.search-result","_lower":"vscode.search-result"},"activationEvent":"*"}
[2020-02-13 10:51:57.801] [exthost] [info] ExtensionService#loadCommonJSModule file:///var/lib/snapd/snap/code/24/usr/share/code/resources/app/extensions/search-result/dist/extension.js
[2020-02-13 10:51:57.806] [exthost] [info] ExtensionService#_doActivateExtension vscode.vscode-account {"startup":true,"extensionId":{"value":"vscode.vscode-account","_lower":"vscode.vscode-account"},"activationEvent":"*"}
[2020-02-13 10:51:57.806] [exthost] [info] ExtensionService#loadCommonJSModule file:///var/lib/snapd/snap/code/24/usr/share/code/resources/app/extensions/vscode-account/dist/extension.js
[2020-02-13 10:51:57.814] [exthost] [info] ExtensionService#_doActivateExtension esbenp.prettier-vscode {"startup":true,"extensionId":{"value":"esbenp.prettier-vscode","_lower":"esbenp.prettier-vscode"},"activationEvent":"*"}
[2020-02-13 10:51:57.814] [exthost] [info] ExtensionService#loadCommonJSModule file:///root/.vscode/extensions/esbenp.prettier-vscode-3.20.0/dist/extension
[2020-02-13 10:51:58.071] [exthost] [info] ExtensionService#_doActivateExtension vscode.npm {"startup":true,"extensionId":{"value":"vscode.npm","_lower":"vscode.npm"},"activationEvent":"workspaceContains:package.json"}
[2020-02-13 10:51:58.075] [exthost] [info] ExtensionService#loadCommonJSModule file:///var/lib/snapd/snap/code/24/usr/share/code/resources/app/extensions/npm/dist/main
[2020-02-13 10:51:58.128] [exthost] [info] ExtensionService#_doActivateExtension vscode.configuration-editing {"startup":false,"extensionId":{"value":"vscode.configuration-editing","_lower":"vscode.configuration-editing"},"activationEvent":"onLanguage:json"}
[2020-02-13 10:51:58.128] [exthost] [info] ExtensionService#loadCommonJSModule file:///var/lib/snapd/snap/code/24/usr/share/code/resources/app/extensions/configuration-editing/dist/extension
[2020-02-13 10:51:58.135] [exthost] [info] ExtensionService#_doActivateExtension vscode.extension-editing {"startup":false,"extensionId":{"value":"vscode.extension-editing","_lower":"vscode.extension-editing"},"activationEvent":"onLanguage:json"}
[2020-02-13 10:51:58.135] [exthost] [info] ExtensionService#loadCommonJSModule file:///var/lib/snapd/snap/code/24/usr/share/code/resources/app/extensions/extension-editing/dist/extension
[2020-02-13 10:51:58.153] [exthost] [info] ExtensionService#_doActivateExtension vscode.json-language-features {"startup":false,"extensionId":{"value":"vscode.json-language-features","_lower":"vscode.json-language-features"},"activationEvent":"onLanguage:json"}
[2020-02-13 10:51:58.153] [exthost] [info] ExtensionService#loadCommonJSModule file:///var/lib/snapd/snap/code/24/usr/share/code/resources/app/extensions/json-language-features/client/dist/jsonMain
[2020-02-13 10:51:58.183] [exthost] [info] ExtensionService#_doActivateExtension vscode.typescript-language-features {"startup":false,"extensionId":{"value":"vscode.typescript-language-features","_lower":"vscode.typescript-language-features"},"activationEvent":"onLanguage:typescript"}
[2020-02-13 10:51:58.183] [exthost] [info] ExtensionService#loadCommonJSModule file:///var/lib/snapd/snap/code/24/usr/share/code/resources/app/extensions/typescript-language-features/dist/extension
[2020-02-13 10:51:58.552] [exthost] [info] eager extensions activated
[2020-02-13 12:14:25.558] [exthost] [info] [vscode.typescript-language-features] UNSAVE result from 'resolveCompletionItem', extension SHOULD NOT change any of: additionalTextEdits, or command
