[2020-01-31 11:06:24.614] [sharedprocess] [info] main {"machineId":"32ab8353a334dd36a88619c94c598e946cd4104749267057294b795d8f601b32","windowId":2}
[2020-01-31 11:07:04.626] [sharedprocess] [info] Starting to clean up unused language packs.
[2020-01-31 13:30:41.943] [sharedprocess] [info] Installing extension: file-icons.file-icons
[2020-01-31 13:30:43.037] [sharedprocess] [info] Downloaded extension: file-icons.file-icons /tmp/09b4c36c-1a22-4e99-bea5-3d3a6d9f8d0a
[2020-01-31 13:30:43.189] [sharedprocess] [info] Extracted extension to /root/.vscode/extensions/.file-icons.file-icons-1.0.21: file-icons.file-icons
[2020-01-31 13:30:43.191] [sharedprocess] [info] Renamed to /root/.vscode/extensions/file-icons.file-icons-1.0.21
[2020-01-31 13:30:43.192] [sharedprocess] [info] Installation completed. file-icons.file-icons
[2020-01-31 13:30:43.198] [sharedprocess] [info] Extensions installed successfully: file-icons.file-icons
[2020-01-31 13:31:48.080] [sharedprocess] [info] Installing extension: davidbabel.vscode-simpler-icons
[2020-01-31 13:31:48.876] [sharedprocess] [info] Downloaded extension: davidbabel.vscode-simpler-icons /tmp/07a431eb-3b6d-4570-8669-e0e05be32169
[2020-01-31 13:31:49.544] [sharedprocess] [info] Extracted extension to /root/.vscode/extensions/.davidbabel.vscode-simpler-icons-1.6.5: davidbabel.vscode-simpler-icons
[2020-01-31 13:31:49.545] [sharedprocess] [info] Renamed to /root/.vscode/extensions/davidbabel.vscode-simpler-icons-1.6.5
[2020-01-31 13:31:49.546] [sharedprocess] [info] Installation completed. davidbabel.vscode-simpler-icons
[2020-01-31 13:31:49.554] [sharedprocess] [info] Extensions installed successfully: davidbabel.vscode-simpler-icons
[2020-01-31 16:23:35.907] [sharedprocess] [info] Installing extension: esbenp.prettier-vscode
[2020-01-31 16:23:37.528] [sharedprocess] [info] Downloaded extension: esbenp.prettier-vscode /tmp/545a65cf-7166-4533-a631-94e5f10ff8d3
[2020-01-31 16:23:38.378] [sharedprocess] [info] Extracted extension to /root/.vscode/extensions/.esbenp.prettier-vscode-3.20.0: esbenp.prettier-vscode
[2020-01-31 16:23:38.379] [sharedprocess] [info] Renamed to /root/.vscode/extensions/esbenp.prettier-vscode-3.20.0
[2020-01-31 16:23:38.390] [sharedprocess] [info] Installation completed. esbenp.prettier-vscode
[2020-01-31 16:23:38.404] [sharedprocess] [info] Extensions installed successfully: esbenp.prettier-vscode
