[2020-01-30 12:17:44.007] [exthost] [info] extension host started
[2020-01-30 12:17:44.079] [exthost] [info] ExtensionService#_doActivateExtension vscode.debug-auto-launch {"startup":true,"extensionId":{"value":"vscode.debug-auto-launch","_lower":"vscode.debug-auto-launch"},"activationEvent":"*"}
[2020-01-30 12:17:44.081] [exthost] [info] ExtensionService#loadCommonJSModule file:///var/lib/snapd/snap/code/23/usr/share/code/resources/app/extensions/debug-auto-launch/dist/extension
[2020-01-30 12:17:44.092] [exthost] [info] ExtensionService#_doActivateExtension vscode.emmet {"startup":true,"extensionId":{"value":"vscode.emmet","_lower":"vscode.emmet"},"activationEvent":"*"}
[2020-01-30 12:17:44.093] [exthost] [info] ExtensionService#loadCommonJSModule file:///var/lib/snapd/snap/code/23/usr/share/code/resources/app/extensions/emmet/dist/extension
[2020-01-30 12:17:44.157] [exthost] [info] ExtensionService#_doActivateExtension vscode.git {"startup":true,"extensionId":{"value":"vscode.git","_lower":"vscode.git"},"activationEvent":"*"}
[2020-01-30 12:17:44.157] [exthost] [info] ExtensionService#loadCommonJSModule file:///var/lib/snapd/snap/code/23/usr/share/code/resources/app/extensions/git/dist/main
[2020-01-30 12:17:44.304] [exthost] [info] ExtensionService#_doActivateExtension vscode.merge-conflict {"startup":true,"extensionId":{"value":"vscode.merge-conflict","_lower":"vscode.merge-conflict"},"activationEvent":"*"}
[2020-01-30 12:17:44.304] [exthost] [info] ExtensionService#loadCommonJSModule file:///var/lib/snapd/snap/code/23/usr/share/code/resources/app/extensions/merge-conflict/dist/extension
[2020-01-30 12:17:44.320] [exthost] [info] ExtensionService#_doActivateExtension vscode.search-result {"startup":true,"extensionId":{"value":"vscode.search-result","_lower":"vscode.search-result"},"activationEvent":"*"}
[2020-01-30 12:17:44.320] [exthost] [info] ExtensionService#loadCommonJSModule file:///var/lib/snapd/snap/code/23/usr/share/code/resources/app/extensions/search-result/dist/extension.js
[2020-01-30 12:17:44.326] [exthost] [info] eager extensions activated
[2020-01-30 12:17:57.061] [exthost] [info] extension host started
[2020-01-30 12:17:57.145] [exthost] [info] ExtensionService#_doActivateExtension vscode.debug-auto-launch {"startup":true,"extensionId":{"value":"vscode.debug-auto-launch","_lower":"vscode.debug-auto-launch"},"activationEvent":"*"}
[2020-01-30 12:17:57.146] [exthost] [info] ExtensionService#loadCommonJSModule file:///var/lib/snapd/snap/code/23/usr/share/code/resources/app/extensions/debug-auto-launch/dist/extension
[2020-01-30 12:17:57.154] [exthost] [info] ExtensionService#_doActivateExtension vscode.emmet {"startup":true,"extensionId":{"value":"vscode.emmet","_lower":"vscode.emmet"},"activationEvent":"*"}
[2020-01-30 12:17:57.155] [exthost] [info] ExtensionService#loadCommonJSModule file:///var/lib/snapd/snap/code/23/usr/share/code/resources/app/extensions/emmet/dist/extension
[2020-01-30 12:17:57.205] [exthost] [info] ExtensionService#_doActivateExtension vscode.git {"startup":true,"extensionId":{"value":"vscode.git","_lower":"vscode.git"},"activationEvent":"*"}
[2020-01-30 12:17:57.206] [exthost] [info] ExtensionService#loadCommonJSModule file:///var/lib/snapd/snap/code/23/usr/share/code/resources/app/extensions/git/dist/main
[2020-01-30 12:17:57.229] [exthost] [info] ExtensionService#_doActivateExtension vscode.merge-conflict {"startup":true,"extensionId":{"value":"vscode.merge-conflict","_lower":"vscode.merge-conflict"},"activationEvent":"*"}
[2020-01-30 12:17:57.230] [exthost] [info] ExtensionService#loadCommonJSModule file:///var/lib/snapd/snap/code/23/usr/share/code/resources/app/extensions/merge-conflict/dist/extension
[2020-01-30 12:17:57.233] [exthost] [info] ExtensionService#_doActivateExtension vscode.search-result {"startup":true,"extensionId":{"value":"vscode.search-result","_lower":"vscode.search-result"},"activationEvent":"*"}
[2020-01-30 12:17:57.234] [exthost] [info] ExtensionService#loadCommonJSModule file:///var/lib/snapd/snap/code/23/usr/share/code/resources/app/extensions/search-result/dist/extension.js
[2020-01-30 12:17:57.292] [exthost] [info] ExtensionService#_doActivateExtension vscode.npm {"startup":true,"extensionId":{"value":"vscode.npm","_lower":"vscode.npm"},"activationEvent":"workspaceContains:package.json"}
[2020-01-30 12:17:57.292] [exthost] [info] ExtensionService#loadCommonJSModule file:///var/lib/snapd/snap/code/23/usr/share/code/resources/app/extensions/npm/dist/main
[2020-01-30 12:17:57.409] [exthost] [info] eager extensions activated
[2020-01-30 12:18:39.972] [exthost] [info] ExtensionService#_doActivateExtension vscode.html-language-features {"startup":false,"extensionId":{"value":"vscode.html-language-features","_lower":"vscode.html-language-features"},"activationEvent":"onLanguage:html"}
[2020-01-30 12:18:39.973] [exthost] [info] ExtensionService#loadCommonJSModule file:///var/lib/snapd/snap/code/23/usr/share/code/resources/app/extensions/html-language-features/client/dist/htmlMain
[2020-01-30 12:19:33.667] [exthost] [info] ExtensionService#_doActivateExtension vscode.configuration-editing {"startup":false,"extensionId":{"value":"vscode.configuration-editing","_lower":"vscode.configuration-editing"},"activationEvent":"onLanguage:jsonc"}
[2020-01-30 12:19:33.667] [exthost] [info] ExtensionService#loadCommonJSModule file:///var/lib/snapd/snap/code/23/usr/share/code/resources/app/extensions/configuration-editing/dist/extension
[2020-01-30 12:19:33.681] [exthost] [info] ExtensionService#_doActivateExtension vscode.json-language-features {"startup":false,"extensionId":{"value":"vscode.json-language-features","_lower":"vscode.json-language-features"},"activationEvent":"onLanguage:jsonc"}
[2020-01-30 12:19:33.681] [exthost] [info] ExtensionService#loadCommonJSModule file:///var/lib/snapd/snap/code/23/usr/share/code/resources/app/extensions/json-language-features/client/dist/jsonMain
[2020-01-30 12:19:33.766] [exthost] [info] ExtensionService#_doActivateExtension vscode.typescript-language-features {"startup":false,"extensionId":{"value":"vscode.typescript-language-features","_lower":"vscode.typescript-language-features"},"activationEvent":"onLanguage:jsonc"}
[2020-01-30 12:19:33.766] [exthost] [info] ExtensionService#loadCommonJSModule file:///var/lib/snapd/snap/code/23/usr/share/code/resources/app/extensions/typescript-language-features/dist/extension
[2020-01-30 12:46:42.657] [exthost] [info] ExtensionService#_doActivateExtension vscode.extension-editing {"startup":false,"extensionId":{"value":"vscode.extension-editing","_lower":"vscode.extension-editing"},"activationEvent":"onLanguage:typescript"}
[2020-01-30 12:46:42.664] [exthost] [info] ExtensionService#loadCommonJSModule file:///var/lib/snapd/snap/code/23/usr/share/code/resources/app/extensions/extension-editing/dist/extension
[2020-01-30 13:38:48.231] [exthost] [info] ExtensionService#_doActivateExtension vscode.css-language-features {"startup":false,"extensionId":{"value":"vscode.css-language-features","_lower":"vscode.css-language-features"},"activationEvent":"onLanguage:css"}
[2020-01-30 13:38:48.272] [exthost] [info] ExtensionService#loadCommonJSModule file:///var/lib/snapd/snap/code/23/usr/share/code/resources/app/extensions/css-language-features/client/dist/cssMain
